TpTrace Verbose: 0 : 11224, 1, 2021/06/22, 14:00:30.214, 36723129289, vstest.console.dll, Version: 16.9.4
TpTrace Information: 0 : 11224, 1, 2021/06/22, 14:00:30.223, 36723215595, vstest.console.dll, FilePatternParser: The given file F:\cts\Hands on\Dot Net\BankPortalBackup\Final Project\Retail Banking Portal Project\AccountManagementTesting\bin\Debug\net5.0\fine-code-coverage\build-output\AccountManagementTesting.dll is a full path.
TpTrace Verbose: 0 : 11224, 1, 2021/06/22, 14:00:30.237, 36723351396, vstest.console.dll, TestPluginCache.DiscoverTestExtensions: finding test extensions in assemblies ends with: RuntimeProvider.dll TPluginInfo: Microsoft.VisualStudio.TestPlatform.Common.ExtensionFramework.Utilities.TestRuntimePluginInformation TExtension: Microsoft.VisualStudio.TestPlatform.ObjectModel.Host.ITestRuntimeProvider
TpTrace Verbose: 0 : 11224, 1, 2021/06/22, 14:00:30.237, 36723358699, vstest.console.dll, TestPluginCache.GetExtensionPaths: Filtered extension paths: 
TpTrace Verbose: 0 : 11224, 1, 2021/06/22, 14:00:30.238, 36723359750, vstest.console.dll, TestPluginCache.GetExtensionPaths: Added default extension paths: C:\Program Files\dotnet\sdk\5.0.203\Extensions\Microsoft.Diagnostics.NETCore.Client.dll
C:\Program Files\dotnet\sdk\5.0.203\Extensions\Microsoft.TestPlatform.Extensions.BlameDataCollector.dll
C:\Program Files\dotnet\sdk\5.0.203\Extensions\Microsoft.TestPlatform.Extensions.EventLogCollector.dll
C:\Program Files\dotnet\sdk\5.0.203\Extensions\Microsoft.TestPlatform.TestHostRuntimeProvider.dll
C:\Program Files\dotnet\sdk\5.0.203\Extensions\Microsoft.VisualStudio.TestPlatform.Extensions.Html.TestLogger.dll
C:\Program Files\dotnet\sdk\5.0.203\Extensions\Microsoft.VisualStudio.TestPlatform.Extensions.Trx.TestLogger.dll
TpTrace Verbose: 0 : 11224, 1, 2021/06/22, 14:00:30.238, 36723360174, vstest.console.dll, TestPluginCache.GetExtensionPaths: Added unfilterableExtensionPaths: 
TpTrace Information: 0 : 11224, 1, 2021/06/22, 14:00:30.238, 36723368375, vstest.console.dll, AssemblyResolver.ctor: Creating AssemblyResolver with searchDirectories C:\Program Files\dotnet\sdk\5.0.203\Extensions,C:\Program Files\dotnet\sdk\5.0.203
TpTrace Verbose: 0 : 11224, 1, 2021/06/22, 14:00:30.239, 36723377833, vstest.console.dll, TestPluginCache.DiscoverTestExtensions: Discovering the extensions using extension path.
TpTrace Verbose: 0 : 11224, 1, 2021/06/22, 14:00:30.240, 36723379266, vstest.console.dll, TestPluginCache.GetExtensionPaths: Filtered extension paths: 
TpTrace Verbose: 0 : 11224, 1, 2021/06/22, 14:00:30.240, 36723379645, vstest.console.dll, TestPluginCache.GetExtensionPaths: Added default extension paths: C:\Program Files\dotnet\sdk\5.0.203\Extensions\Microsoft.Diagnostics.NETCore.Client.dll
C:\Program Files\dotnet\sdk\5.0.203\Extensions\Microsoft.TestPlatform.Extensions.BlameDataCollector.dll
C:\Program Files\dotnet\sdk\5.0.203\Extensions\Microsoft.TestPlatform.Extensions.EventLogCollector.dll
C:\Program Files\dotnet\sdk\5.0.203\Extensions\Microsoft.TestPlatform.TestHostRuntimeProvider.dll
C:\Program Files\dotnet\sdk\5.0.203\Extensions\Microsoft.VisualStudio.TestPlatform.Extensions.Html.TestLogger.dll
C:\Program Files\dotnet\sdk\5.0.203\Extensions\Microsoft.VisualStudio.TestPlatform.Extensions.Trx.TestLogger.dll
TpTrace Verbose: 0 : 11224, 1, 2021/06/22, 14:00:30.240, 36723379978, vstest.console.dll, TestPluginCache.GetExtensionPaths: Added unfilterableExtensionPaths: 
TpTrace Verbose: 0 : 11224, 1, 2021/06/22, 14:00:30.240, 36723380546, vstest.console.dll, TestPluginCache.DiscoverTestExtensions: Discovering the extensions using allExtensionPaths: C:\Program Files\dotnet\sdk\5.0.203\Extensions\Microsoft.Diagnostics.NETCore.Client.dll
C:\Program Files\dotnet\sdk\5.0.203\Extensions\Microsoft.TestPlatform.Extensions.BlameDataCollector.dll
C:\Program Files\dotnet\sdk\5.0.203\Extensions\Microsoft.TestPlatform.Extensions.EventLogCollector.dll
C:\Program Files\dotnet\sdk\5.0.203\Extensions\Microsoft.TestPlatform.TestHostRuntimeProvider.dll
C:\Program Files\dotnet\sdk\5.0.203\Extensions\Microsoft.VisualStudio.TestPlatform.Extensions.Html.TestLogger.dll
C:\Program Files\dotnet\sdk\5.0.203\Extensions\Microsoft.VisualStudio.TestPlatform.Extensions.Trx.TestLogger.dll
TpTrace Information: 0 : 11224, 1, 2021/06/22, 14:00:30.240, 36723382342, vstest.console.dll, AssemblyResolver.AddSearchDirectories: Adding more searchDirectories C:\Program Files\dotnet\sdk\5.0.203\Extensions,C:\Program Files\dotnet\sdk\5.0.203
TpTrace Information: 0 : 11224, 1, 2021/06/22, 14:00:30.240, 36723382991, vstest.console.dll, AssemblyResolver.AddSearchDirectories: Adding more searchDirectories C:\Program Files\dotnet\sdk\5.0.203\Extensions,C:\Program Files\dotnet\sdk\5.0.203
TpTrace Information: 0 : 11224, 1, 2021/06/22, 14:00:30.240, 36723383471, vstest.console.dll, AssemblyResolver.AddSearchDirectories: Adding more searchDirectories C:\Program Files\dotnet\sdk\5.0.203\Extensions,C:\Program Files\dotnet\sdk\5.0.203
TpTrace Information: 0 : 11224, 1, 2021/06/22, 14:00:30.240, 36723383767, vstest.console.dll, AssemblyResolver.AddSearchDirectories: Adding more searchDirectories C:\Program Files\dotnet\sdk\5.0.203\Extensions,C:\Program Files\dotnet\sdk\5.0.203
TpTrace Information: 0 : 11224, 1, 2021/06/22, 14:00:30.240, 36723384025, vstest.console.dll, AssemblyResolver.AddSearchDirectories: Adding more searchDirectories C:\Program Files\dotnet\sdk\5.0.203\Extensions,C:\Program Files\dotnet\sdk\5.0.203
TpTrace Information: 0 : 11224, 1, 2021/06/22, 14:00:30.240, 36723384277, vstest.console.dll, AssemblyResolver.AddSearchDirectories: Adding more searchDirectories C:\Program Files\dotnet\sdk\5.0.203\Extensions,C:\Program Files\dotnet\sdk\5.0.203
TpTrace Information: 0 : 11224, 1, 2021/06/22, 14:00:30.240, 36723387518, vstest.console.dll, AssemblyResolver.OnResolve: Microsoft.Diagnostics.NETCore.Client: Resolving assembly.
TpTrace Information: 0 : 11224, 1, 2021/06/22, 14:00:30.244, 36723420165, vstest.console.dll, AssemblyResolver.OnResolve: Resolved assembly: Microsoft.Diagnostics.NETCore.Client, from path: C:\Program Files\dotnet\sdk\5.0.203\Extensions\Microsoft.Diagnostics.NETCore.Client.dll
TpTrace Information: 0 : 11224, 1, 2021/06/22, 14:00:30.247, 36723452305, vstest.console.dll, AssemblyResolver.OnResolve: Microsoft.Bcl.AsyncInterfaces: Resolving assembly.
TpTrace Information: 0 : 11224, 1, 2021/06/22, 14:00:30.247, 36723455219, vstest.console.dll, AssemblyResolver.OnResolve: Microsoft.Bcl.AsyncInterfaces: Failed to load assembly.
TpTrace Verbose: 0 : 11224, 1, 2021/06/22, 14:00:30.247, 36723455703, vstest.console.dll, CurrentDomain_AssemblyResolve: Resolving assembly 'Microsoft.Bcl.AsyncInterfaces'.
TpTrace Information: 0 : 11224, 1, 2021/06/22, 14:00:30.247, 36723456332, vstest.console.dll, AssemblyResolver.OnResolve: Microsoft.Bcl.AsyncInterfaces: Resolving assembly.
TpTrace Information: 0 : 11224, 1, 2021/06/22, 14:00:30.247, 36723456799, vstest.console.dll, AssemblyResolver.OnResolve: Microsoft.Bcl.AsyncInterfaces: Resolved from cache.
TpTrace Verbose: 0 : 11224, 1, 2021/06/22, 14:00:30.247, 36723457086, vstest.console.dll, CurrentDomain_AssemblyResolve: Resolving assembly 'Microsoft.Bcl.AsyncInterfaces'.
TpTrace Verbose: 0 : 11224, 1, 2021/06/22, 14:00:30.247, 36723457470, vstest.console.dll, CurrentDomainAssemblyResolve: Failed to resolve assembly 'Microsoft.Bcl.AsyncInterfaces'.
TpTrace Verbose: 0 : 11224, 1, 2021/06/22, 14:00:30.250, 36723479326, vstest.console.dll, CurrentDomainAssemblyResolve: Failed to resolve assembly 'Microsoft.Bcl.AsyncInterfaces'.
TpTrace Warning: 0 : 11224, 1, 2021/06/22, 14:00:30.270, 36723684442, vstest.console.dll, TestPluginDiscoverer: Failed to get types from assembly 'Microsoft.Diagnostics.NETCore.Client, Version=0.2.2.41902, Culture=neutral, PublicKeyToken=31bf3856ad364e35'.  Skipping test extension scan for this assembly.  Error: System.Reflection.ReflectionTypeLoadException: Unable to load one or more of the requested types.
Could not load file or assembly 'Microsoft.Bcl.AsyncInterfaces, Version=1.0.0.0, Culture=neutral, PublicKeyToken=cc7b13ffcd2ddd51'. The system cannot find the file specified.
   at System.Reflection.RuntimeModule.GetTypes(RuntimeModule module)
   at System.Reflection.RuntimeModule.GetTypes()
   at System.Reflection.Assembly.GetTypes()
   at Microsoft.VisualStudio.TestPlatform.Common.ExtensionFramework.TestPluginDiscoverer.GetTestExtensionsFromAssembly[TPluginInfo,TExtension](Assembly assembly, Dictionary`2 pluginInfos)
System.IO.FileNotFoundException: Could not load file or assembly 'Microsoft.Bcl.AsyncInterfaces, Version=1.0.0.0, Culture=neutral, PublicKeyToken=cc7b13ffcd2ddd51'. The system cannot find the file specified.
File name: 'Microsoft.Bcl.AsyncInterfaces, Version=1.0.0.0, Culture=neutral, PublicKeyToken=cc7b13ffcd2ddd51'
TpTrace Warning: 0 : 11224, 1, 2021/06/22, 14:00:30.270, 36723686225, vstest.console.dll, LoaderExceptions: System.IO.FileNotFoundException: Could not load file or assembly 'Microsoft.Bcl.AsyncInterfaces, Version=1.0.0.0, Culture=neutral, PublicKeyToken=cc7b13ffcd2ddd51'. The system cannot find the file specified.
File name: 'Microsoft.Bcl.AsyncInterfaces, Version=1.0.0.0, Culture=neutral, PublicKeyToken=cc7b13ffcd2ddd51'
TpTrace Information: 0 : 11224, 1, 2021/06/22, 14:00:30.270, 36723687517, vstest.console.dll, AssemblyResolver.OnResolve: Microsoft.TestPlatform.Extensions.BlameDataCollector: Resolving assembly.
TpTrace Information: 0 : 11224, 1, 2021/06/22, 14:00:30.273, 36723715975, vstest.console.dll, AssemblyResolver.OnResolve: Resolved assembly: Microsoft.TestPlatform.Extensions.BlameDataCollector, from path: C:\Program Files\dotnet\sdk\5.0.203\Extensions\Microsoft.TestPlatform.Extensions.BlameDataCollector.dll
TpTrace Information: 0 : 11224, 1, 2021/06/22, 14:00:30.274, 36723728797, vstest.console.dll, AssemblyResolver.OnResolve: Microsoft.TestPlatform.Extensions.EventLogCollector: Resolving assembly.
TpTrace Information: 0 : 11224, 1, 2021/06/22, 14:00:30.277, 36723750091, vstest.console.dll, AssemblyResolver.OnResolve: Resolved assembly: Microsoft.TestPlatform.Extensions.EventLogCollector, from path: C:\Program Files\dotnet\sdk\5.0.203\Extensions\Microsoft.TestPlatform.Extensions.EventLogCollector.dll
TpTrace Information: 0 : 11224, 1, 2021/06/22, 14:00:30.280, 36723784793, vstest.console.dll, AssemblyResolver.OnResolve: Microsoft.TestPlatform.TestHostRuntimeProvider: Resolving assembly.
TpTrace Information: 0 : 11224, 1, 2021/06/22, 14:00:30.282, 36723808359, vstest.console.dll, AssemblyResolver.OnResolve: Resolved assembly: Microsoft.TestPlatform.TestHostRuntimeProvider, from path: C:\Program Files\dotnet\sdk\5.0.203\Extensions\Microsoft.TestPlatform.TestHostRuntimeProvider.dll
TpTrace Information: 0 : 11224, 1, 2021/06/22, 14:00:30.284, 36723822712, vstest.console.dll, AssemblyResolver.OnResolve: Microsoft.VisualStudio.TestPlatform.Extensions.Html.TestLogger: Resolving assembly.
TpTrace Information: 0 : 11224, 1, 2021/06/22, 14:00:30.287, 36723850192, vstest.console.dll, AssemblyResolver.OnResolve: Resolved assembly: Microsoft.VisualStudio.TestPlatform.Extensions.Html.TestLogger, from path: C:\Program Files\dotnet\sdk\5.0.203\Extensions\Microsoft.VisualStudio.TestPlatform.Extensions.Html.TestLogger.dll
TpTrace Information: 0 : 11224, 1, 2021/06/22, 14:00:30.287, 36723854222, vstest.console.dll, AssemblyResolver.OnResolve: Microsoft.VisualStudio.TestPlatform.Extensions.Trx.TestLogger: Resolving assembly.
TpTrace Information: 0 : 11224, 1, 2021/06/22, 14:00:30.291, 36723891510, vstest.console.dll, AssemblyResolver.OnResolve: Resolved assembly: Microsoft.VisualStudio.TestPlatform.Extensions.Trx.TestLogger, from path: C:\Program Files\dotnet\sdk\5.0.203\Extensions\Microsoft.VisualStudio.TestPlatform.Extensions.Trx.TestLogger.dll
TpTrace Verbose: 0 : 11224, 1, 2021/06/22, 14:00:30.292, 36723904798, vstest.console.dll, TestPluginCache: Discovered the extensions using extension path ''.
TpTrace Verbose: 0 : 11224, 1, 2021/06/22, 14:00:30.292, 36723905899, vstest.console.dll, TestPluginCache: Discoverers are ''.
TpTrace Verbose: 0 : 11224, 1, 2021/06/22, 14:00:30.292, 36723906163, vstest.console.dll, TestPluginCache: Executors are ''.
TpTrace Verbose: 0 : 11224, 1, 2021/06/22, 14:00:30.292, 36723906440, vstest.console.dll, TestPluginCache: Executors2 are ''.
TpTrace Verbose: 0 : 11224, 1, 2021/06/22, 14:00:30.292, 36723906689, vstest.console.dll, TestPluginCache: Setting providers are ''.
TpTrace Verbose: 0 : 11224, 1, 2021/06/22, 14:00:30.292, 36723906910, vstest.console.dll, TestPluginCache: Loggers are ''.
TpTrace Information: 0 : 11224, 1, 2021/06/22, 14:00:30.298, 36723959485, vstest.console.dll, RunTestsArgumentProcessor:Execute: Test run is starting.
TpTrace Verbose: 0 : 11224, 1, 2021/06/22, 14:00:30.298, 36723960480, vstest.console.dll, RunTestsArgumentProcessor:Execute: Queuing Test run.
TpTrace Information: 0 : 11224, 1, 2021/06/22, 14:00:30.298, 36723962363, vstest.console.dll, TestRequestManager.RunTests: run tests started.
TpTrace Information: 0 : 11224, 1, 2021/06/22, 14:00:30.301, 36723991936, vstest.console.dll, AssemblyMetadataProvider.GetFrameWork: Determined framework:'.NETCoreApp,Version=v5.0' for source: 'F:\cts\Hands on\Dot Net\BankPortalBackup\Final Project\Retail Banking Portal Project\AccountManagementTesting\bin\Debug\net5.0\fine-code-coverage\build-output\AccountManagementTesting.dll'
TpTrace Information: 0 : 11224, 1, 2021/06/22, 14:00:30.301, 36723993952, vstest.console.dll, Determined framework for all sources: .NETCoreApp,Version=v5.0
TpTrace Information: 0 : 11224, 1, 2021/06/22, 14:00:30.301, 36723998274, vstest.console.dll, AssemblyMetadataProvider.GetArchitecture: Determined architecture:AnyCPU info for assembly: F:\cts\Hands on\Dot Net\BankPortalBackup\Final Project\Retail Banking Portal Project\AccountManagementTesting\bin\Debug\net5.0\fine-code-coverage\build-output\AccountManagementTesting.dll
TpTrace Information: 0 : 11224, 1, 2021/06/22, 14:00:30.303, 36724017083, vstest.console.dll, Determined platform for all sources: X64
TpTrace Information: 0 : 11224, 1, 2021/06/22, 14:00:30.307, 36724052855, vstest.console.dll, Compatible sources list : 
TpTrace Information: 0 : 11224, 1, 2021/06/22, 14:00:30.307, 36724054157, vstest.console.dll, F:\cts\Hands on\Dot Net\BankPortalBackup\Final Project\Retail Banking Portal Project\AccountManagementTesting\bin\Debug\net5.0\fine-code-coverage\build-output\AccountManagementTesting.dll
TpTrace Information: 0 : 11224, 1, 2021/06/22, 14:00:30.310, 36724083029, vstest.console.dll, InferRunSettingsHelper.IsTestSettingsEnabled: Unable to navigate to RunSettings/MSTest. Current node: RunSettings
TpTrace Information: 0 : 11224, 1, 2021/06/22, 14:00:30.311, 36724089550, vstest.console.dll, AssemblyResolver.OnResolve: Microsoft.VisualStudio.TestPlatform.Fakes: Resolving assembly.
TpTrace Information: 0 : 11224, 1, 2021/06/22, 14:00:30.311, 36724092212, vstest.console.dll, AssemblyResolver.OnResolve: Microsoft.VisualStudio.TestPlatform.Fakes: Failed to load assembly.
TpTrace Information: 0 : 11224, 1, 2021/06/22, 14:00:30.311, 36724095871, vstest.console.dll, Failed to create newly implemented Fakes Configurator. Reason:System.IO.FileNotFoundException: Could not load file or assembly 'Microsoft.VisualStudio.TestPlatform.Fakes, Version=16.0.0.0, Culture=neutral, PublicKeyToken=null'. The system cannot find the file specified.
File name: 'Microsoft.VisualStudio.TestPlatform.Fakes, Version=16.0.0.0, Culture=neutral, PublicKeyToken=null'
   at System.Reflection.RuntimeAssembly.InternalLoad(ObjectHandleOnStack assemblyName, ObjectHandleOnStack requestingAssembly, StackCrawlMarkHandle stackMark, Boolean throwOnFileNotFound, ObjectHandleOnStack assemblyLoadContext, ObjectHandleOnStack retAssembly)
   at System.Reflection.RuntimeAssembly.InternalLoad(AssemblyName assemblyName, RuntimeAssembly requestingAssembly, StackCrawlMark& stackMark, Boolean throwOnFileNotFound, AssemblyLoadContext assemblyLoadContext)
   at System.Reflection.Assembly.Load(AssemblyName assemblyRef)
   at Microsoft.VisualStudio.TestPlatform.Common.Utilities.FakesUtilities.TryGetFakesCrossPlatformDataCollectorConfigurator() 
TpTrace Verbose: 0 : 11224, 1, 2021/06/22, 14:00:30.316, 36724139890, vstest.console.dll, TestPluginCache.DiscoverTestExtensions: finding test extensions in assemblies ends with: TestLogger.dll TPluginInfo: Microsoft.VisualStudio.TestPlatform.Common.ExtensionFramework.Utilities.TestLoggerPluginInformation TExtension: Microsoft.VisualStudio.TestPlatform.ObjectModel.Client.ITestLogger
TpTrace Verbose: 0 : 11224, 1, 2021/06/22, 14:00:30.316, 36724141746, vstest.console.dll, TestPluginCache.GetExtensionPaths: Filtered extension paths: 
TpTrace Verbose: 0 : 11224, 1, 2021/06/22, 14:00:30.316, 36724142146, vstest.console.dll, TestPluginCache.GetExtensionPaths: Added default extension paths: C:\Program Files\dotnet\sdk\5.0.203\Extensions\Microsoft.Diagnostics.NETCore.Client.dll
C:\Program Files\dotnet\sdk\5.0.203\Extensions\Microsoft.TestPlatform.Extensions.BlameDataCollector.dll
C:\Program Files\dotnet\sdk\5.0.203\Extensions\Microsoft.TestPlatform.Extensions.EventLogCollector.dll
C:\Program Files\dotnet\sdk\5.0.203\Extensions\Microsoft.TestPlatform.TestHostRuntimeProvider.dll
C:\Program Files\dotnet\sdk\5.0.203\Extensions\Microsoft.VisualStudio.TestPlatform.Extensions.Html.TestLogger.dll
C:\Program Files\dotnet\sdk\5.0.203\Extensions\Microsoft.VisualStudio.TestPlatform.Extensions.Trx.TestLogger.dll
TpTrace Verbose: 0 : 11224, 1, 2021/06/22, 14:00:30.316, 36724142474, vstest.console.dll, TestPluginCache.GetExtensionPaths: Added unfilterableExtensionPaths: 
TpTrace Information: 0 : 11224, 1, 2021/06/22, 14:00:30.316, 36724144228, vstest.console.dll, AssemblyResolver.AddSearchDirectories: Adding more searchDirectories C:\Program Files\dotnet\sdk\5.0.203\Extensions,C:\Program Files\dotnet\sdk\5.0.203
TpTrace Verbose: 0 : 11224, 1, 2021/06/22, 14:00:30.316, 36724144728, vstest.console.dll, TestPluginCache.DiscoverTestExtensions: Discovering the extensions using extension path.
TpTrace Verbose: 0 : 11224, 1, 2021/06/22, 14:00:30.316, 36724144999, vstest.console.dll, TestPluginCache.GetExtensionPaths: Filtered extension paths: 
TpTrace Verbose: 0 : 11224, 1, 2021/06/22, 14:00:30.316, 36724145244, vstest.console.dll, TestPluginCache.GetExtensionPaths: Added default extension paths: C:\Program Files\dotnet\sdk\5.0.203\Extensions\Microsoft.Diagnostics.NETCore.Client.dll
C:\Program Files\dotnet\sdk\5.0.203\Extensions\Microsoft.TestPlatform.Extensions.BlameDataCollector.dll
C:\Program Files\dotnet\sdk\5.0.203\Extensions\Microsoft.TestPlatform.Extensions.EventLogCollector.dll
C:\Program Files\dotnet\sdk\5.0.203\Extensions\Microsoft.TestPlatform.TestHostRuntimeProvider.dll
C:\Program Files\dotnet\sdk\5.0.203\Extensions\Microsoft.VisualStudio.TestPlatform.Extensions.Html.TestLogger.dll
C:\Program Files\dotnet\sdk\5.0.203\Extensions\Microsoft.VisualStudio.TestPlatform.Extensions.Trx.TestLogger.dll
TpTrace Verbose: 0 : 11224, 1, 2021/06/22, 14:00:30.316, 36724145541, vstest.console.dll, TestPluginCache.GetExtensionPaths: Added unfilterableExtensionPaths: 
TpTrace Verbose: 0 : 11224, 1, 2021/06/22, 14:00:30.316, 36724145807, vstest.console.dll, TestPluginCache.DiscoverTestExtensions: Discovering the extensions using allExtensionPaths: C:\Program Files\dotnet\sdk\5.0.203\Extensions\Microsoft.Diagnostics.NETCore.Client.dll
C:\Program Files\dotnet\sdk\5.0.203\Extensions\Microsoft.TestPlatform.Extensions.BlameDataCollector.dll
C:\Program Files\dotnet\sdk\5.0.203\Extensions\Microsoft.TestPlatform.Extensions.EventLogCollector.dll
C:\Program Files\dotnet\sdk\5.0.203\Extensions\Microsoft.TestPlatform.TestHostRuntimeProvider.dll
C:\Program Files\dotnet\sdk\5.0.203\Extensions\Microsoft.VisualStudio.TestPlatform.Extensions.Html.TestLogger.dll
C:\Program Files\dotnet\sdk\5.0.203\Extensions\Microsoft.VisualStudio.TestPlatform.Extensions.Trx.TestLogger.dll
TpTrace Information: 0 : 11224, 1, 2021/06/22, 14:00:30.316, 36724146223, vstest.console.dll, AssemblyResolver.AddSearchDirectories: Adding more searchDirectories C:\Program Files\dotnet\sdk\5.0.203\Extensions,C:\Program Files\dotnet\sdk\5.0.203
TpTrace Information: 0 : 11224, 1, 2021/06/22, 14:00:30.316, 36724146520, vstest.console.dll, AssemblyResolver.AddSearchDirectories: Adding more searchDirectories C:\Program Files\dotnet\sdk\5.0.203\Extensions,C:\Program Files\dotnet\sdk\5.0.203
TpTrace Information: 0 : 11224, 1, 2021/06/22, 14:00:30.316, 36724146833, vstest.console.dll, AssemblyResolver.AddSearchDirectories: Adding more searchDirectories C:\Program Files\dotnet\sdk\5.0.203\Extensions,C:\Program Files\dotnet\sdk\5.0.203
TpTrace Information: 0 : 11224, 1, 2021/06/22, 14:00:30.316, 36724147229, vstest.console.dll, AssemblyResolver.AddSearchDirectories: Adding more searchDirectories C:\Program Files\dotnet\sdk\5.0.203\Extensions,C:\Program Files\dotnet\sdk\5.0.203
TpTrace Information: 0 : 11224, 1, 2021/06/22, 14:00:30.316, 36724147495, vstest.console.dll, AssemblyResolver.AddSearchDirectories: Adding more searchDirectories C:\Program Files\dotnet\sdk\5.0.203\Extensions,C:\Program Files\dotnet\sdk\5.0.203
TpTrace Information: 0 : 11224, 1, 2021/06/22, 14:00:30.316, 36724147745, vstest.console.dll, AssemblyResolver.AddSearchDirectories: Adding more searchDirectories C:\Program Files\dotnet\sdk\5.0.203\Extensions,C:\Program Files\dotnet\sdk\5.0.203
TpTrace Information: 0 : 11224, 1, 2021/06/22, 14:00:30.317, 36724150300, vstest.console.dll, AssemblyResolver.OnResolve: Microsoft.Bcl.AsyncInterfaces: Resolving assembly.
TpTrace Information: 0 : 11224, 1, 2021/06/22, 14:00:30.317, 36724150723, vstest.console.dll, AssemblyResolver.OnResolve: Microsoft.Bcl.AsyncInterfaces: Resolved from cache.
TpTrace Verbose: 0 : 11224, 1, 2021/06/22, 14:00:30.317, 36724151028, vstest.console.dll, CurrentDomain_AssemblyResolve: Resolving assembly 'Microsoft.Bcl.AsyncInterfaces'.
TpTrace Information: 0 : 11224, 1, 2021/06/22, 14:00:30.317, 36724158670, vstest.console.dll, AssemblyResolver.OnResolve: Microsoft.Bcl.AsyncInterfaces: Resolving assembly.
TpTrace Information: 0 : 11224, 1, 2021/06/22, 14:00:30.318, 36724159904, vstest.console.dll, AssemblyResolver.OnResolve: Microsoft.Bcl.AsyncInterfaces: Resolved from cache.
TpTrace Verbose: 0 : 11224, 1, 2021/06/22, 14:00:30.318, 36724160440, vstest.console.dll, CurrentDomain_AssemblyResolve: Resolving assembly 'Microsoft.Bcl.AsyncInterfaces'.
TpTrace Verbose: 0 : 11224, 1, 2021/06/22, 14:00:30.318, 36724160714, vstest.console.dll, CurrentDomainAssemblyResolve: Failed to resolve assembly 'Microsoft.Bcl.AsyncInterfaces'.
TpTrace Verbose: 0 : 11224, 1, 2021/06/22, 14:00:30.318, 36724162388, vstest.console.dll, CurrentDomainAssemblyResolve: Failed to resolve assembly 'Microsoft.Bcl.AsyncInterfaces'.
TpTrace Warning: 0 : 11224, 1, 2021/06/22, 14:00:30.318, 36724165208, vstest.console.dll, TestPluginDiscoverer: Failed to get types from assembly 'Microsoft.Diagnostics.NETCore.Client, Version=0.2.2.41902, Culture=neutral, PublicKeyToken=31bf3856ad364e35'.  Skipping test extension scan for this assembly.  Error: System.Reflection.ReflectionTypeLoadException: Unable to load one or more of the requested types.
Could not load file or assembly 'Microsoft.Bcl.AsyncInterfaces, Version=1.0.0.0, Culture=neutral, PublicKeyToken=cc7b13ffcd2ddd51'. The system cannot find the file specified.
   at System.Reflection.RuntimeModule.GetTypes(RuntimeModule module)
   at System.Reflection.RuntimeModule.GetTypes()
   at System.Reflection.Assembly.GetTypes()
   at Microsoft.VisualStudio.TestPlatform.Common.ExtensionFramework.TestPluginDiscoverer.GetTestExtensionsFromAssembly[TPluginInfo,TExtension](Assembly assembly, Dictionary`2 pluginInfos)
System.IO.FileNotFoundException: Could not load file or assembly 'Microsoft.Bcl.AsyncInterfaces, Version=1.0.0.0, Culture=neutral, PublicKeyToken=cc7b13ffcd2ddd51'. The system cannot find the file specified.
File name: 'Microsoft.Bcl.AsyncInterfaces, Version=1.0.0.0, Culture=neutral, PublicKeyToken=cc7b13ffcd2ddd51'
TpTrace Warning: 0 : 11224, 1, 2021/06/22, 14:00:30.318, 36724165745, vstest.console.dll, LoaderExceptions: System.IO.FileNotFoundException: Could not load file or assembly 'Microsoft.Bcl.AsyncInterfaces, Version=1.0.0.0, Culture=neutral, PublicKeyToken=cc7b13ffcd2ddd51'. The system cannot find the file specified.
File name: 'Microsoft.Bcl.AsyncInterfaces, Version=1.0.0.0, Culture=neutral, PublicKeyToken=cc7b13ffcd2ddd51'
TpTrace Verbose: 0 : 11224, 1, 2021/06/22, 14:00:30.319, 36724169528, vstest.console.dll, TestPluginCache: Discovered the extensions using extension path ''.
TpTrace Verbose: 0 : 11224, 1, 2021/06/22, 14:00:30.319, 36724170080, vstest.console.dll, TestPluginCache: Discoverers are ''.
TpTrace Verbose: 0 : 11224, 1, 2021/06/22, 14:00:30.319, 36724170320, vstest.console.dll, TestPluginCache: Executors are ''.
TpTrace Verbose: 0 : 11224, 1, 2021/06/22, 14:00:30.319, 36724170559, vstest.console.dll, TestPluginCache: Executors2 are ''.
TpTrace Verbose: 0 : 11224, 1, 2021/06/22, 14:00:30.319, 36724170771, vstest.console.dll, TestPluginCache: Setting providers are ''.
TpTrace Verbose: 0 : 11224, 1, 2021/06/22, 14:00:30.319, 36724171524, vstest.console.dll, TestPluginCache: Loggers are 'logger://Microsoft/TestPlatform/Extensions/Blame/v1,logger://Microsoft/TestPlatform/HtmlLogger/v1,logger://Microsoft/TestPlatform/TrxLogger/v1'.
TpTrace Information: 0 : 11224, 1, 2021/06/22, 14:00:30.319, 36724177483, vstest.console.dll, TestPluginManager.CreateTestExtension: Attempting to load test extension: Microsoft.TestPlatform.Extensions.BlameDataCollector.BlameLogger
TpTrace Information: 0 : 11224, 1, 2021/06/22, 14:00:30.328, 36724263948, vstest.console.dll, TestPluginManager.CreateTestExtension: Attempting to load test extension: Microsoft.VisualStudio.TestPlatform.CrossPlatEngine.Hosting.DefaultTestHostManager
TpTrace Information: 0 : 11224, 1, 2021/06/22, 14:00:30.328, 36724266893, vstest.console.dll, TestPluginManager.CreateTestExtension: Attempting to load test extension: Microsoft.VisualStudio.TestPlatform.CrossPlatEngine.Hosting.DotnetTestHostManager
TpTrace Verbose: 0 : 11224, 1, 2021/06/22, 14:00:30.329, 36724271401, vstest.console.dll, TestEngine: Initializing Parallel Execution as MaxCpuCount is set to: 1
TpTrace Information: 0 : 11224, 1, 2021/06/22, 14:00:30.329, 36724275715, vstest.console.dll, InferRunSettingsHelper.IsTestSettingsEnabled: Unable to navigate to RunSettings/MSTest. Current node: RunSettings
TpTrace Verbose: 0 : 11224, 1, 2021/06/22, 14:00:30.355, 36724529747, vstest.console.dll, TestRequestSender is acting as server
TpTrace Verbose: 0 : 11224, 4, 2021/06/22, 14:00:30.359, 36724574194, vstest.console.dll, DataCollectionRequestSender.InitializeCommunication : Initialize communication. 
TpTrace Information: 0 : 11224, 4, 2021/06/22, 14:00:30.370, 36724688727, vstest.console.dll, Listening on Endpoint : 127.0.0.1:51368
TpTrace Verbose: 0 : 11224, 4, 2021/06/22, 14:00:30.382, 36724799913, vstest.console.dll, DotnetDataCollectionLauncher: Full path of dotnet.exe is C:\Program Files\dotnet\dotnet.exe
TpTrace Verbose: 0 : 11224, 4, 2021/06/22, 14:00:30.382, 36724802633, vstest.console.dll, DotnetDataCollectionLauncher: Adding  --runtimeconfig "C:\Program Files\dotnet\sdk\5.0.203\datacollector.runtimeconfig.json" in args
TpTrace Verbose: 0 : 11224, 4, 2021/06/22, 14:00:30.382, 36724803805, vstest.console.dll, DotnetDataCollectionLauncher: Adding  --depsfile "C:\Program Files\dotnet\sdk\5.0.203\datacollector.deps.json" in args
TpTrace Information: 0 : 11224, 4, 2021/06/22, 14:00:30.391, 36724890197, vstest.console.dll, ProxyDataCollectionManager.Initialize: Launched datacollector processId: 2304 port: 51368
TpTrace Information: 0 : 11224, 4, 2021/06/22, 14:00:30.391, 36724891827, vstest.console.dll, ProxyDataCollectionManager.Initialize: waiting for connection with timeout: 90 seconds
TpTrace Verbose: 0 : 11224, 4, 2021/06/22, 14:00:30.391, 36724892410, vstest.console.dll, DataCollectionRequestSender.WaitForRequestHandlerConnection : Waiting for connection with timeout: 90000
TpTrace Information: 0 : 11224, 7, 2021/06/22, 14:00:30.546, 36726448999, vstest.console.dll, Using the buffer size of 16384 bytes
TpTrace Verbose: 0 : 11224, 4, 2021/06/22, 14:00:30.547, 36726449470, vstest.console.dll, ProxyDataCollectionManager.InvokeDataCollectionServiceAction: Starting.
TpTrace Information: 0 : 11224, 7, 2021/06/22, 14:00:30.547, 36726450245, vstest.console.dll, Accepted Client request and set the flag
TpTrace Information: 0 : 11224, 4, 2021/06/22, 14:00:30.547, 36726451308, vstest.console.dll, ProxyDataCollectionManager.BeforeTestRunStart: Get environment variable and port for datacollector processId: 2304 port: 51368
TpTrace Verbose: 0 : 11224, 4, 2021/06/22, 14:00:30.547, 36726452686, vstest.console.dll, DataCollectionRequestSender.SendBeforeTestRunStartAndGetResult : Send BeforeTestRunStart message with settingsXml <RunSettings><RunConfiguration><ResultsDirectory>F:\cts\Hands on\Dot Net\BankPortalBackup\Final Project\Retail Banking Portal Project\AccountManagementTesting\bin\Debug\net5.0\fine-code-coverage\coverage-tool-output</ResultsDirectory><TargetPlatform>X64</TargetPlatform><TargetFrameworkVersion>.NETCoreApp,Version=v5.0</TargetFrameworkVersion><DesignMode>False</DesignMode><CollectSourceInformation>False</CollectSourceInformation><TestAdaptersPaths>C:\Program Files\dotnet\sdk\5.0.203\Extensions</TestAdaptersPaths></RunConfiguration><LoggerRunSettings><Loggers><Logger friendlyName="blame" enabled="True" /><Logger friendlyName="Console" uri="logger://microsoft/TestPlatform/ConsoleLogger/v1" assemblyQualifiedName="Microsoft.VisualStudio.TestPlatform.CommandLine.Internal.ConsoleLogger, vstest.console, Version=15.0.0.0, Culture=neutral, PublicKeyToken=b03f5f7f11d50a3a" codeBase="C:\Program Files\dotnet\sdk\5.0.203\vstest.console.dll" enabled="True" /></Loggers></LoggerRunSettings><DataCollectionRunSettings><DataCollectors><DataCollector friendlyName="blame" enabled="True"><Configuration><ResultsDirectory>F:\cts\Hands on\Dot Net\BankPortalBackup\Final Project\Retail Banking Portal Project\AccountManagementTesting\bin\Debug\net5.0\fine-code-coverage\coverage-tool-output</ResultsDirectory></Configuration></DataCollector></DataCollectors></DataCollectionRunSettings></RunSettings> and sources System.Linq.Enumerable+Concat2Iterator`1[System.String]: 
TpTrace Verbose: 0 : 11224, 4, 2021/06/22, 14:00:30.621, 36727193259, vstest.console.dll, DataCollectionRequestSender.SendBeforeTestRunStartAndGetResult : Received message: (DataCollection.SendMessage) -> {
  "FriendlyName": null,
  "Uri": null,
  "TestCaseId": "00000000-0000-0000-0000-000000000000",
  "Message": "Logging DataCollector Diagnostics in file: F:\\cts\\Hands on\\Dot Net\\BankPortalBackup\\Final Project\\Retail Banking Portal Project\\AccountManagementTesting\\bin\\Debug\\net5.0\\fine-code-coverage\\coverage-tool-output\\diagnostics.datacollector.21-06-22_14-00-30_37690_4.log",
  "Level": 0
}
TpTrace Verbose: 0 : 11224, 4, 2021/06/22, 14:00:30.690, 36727886714, vstest.console.dll, DataCollectionRequestSender.SendBeforeTestRunStartAndGetResult : Received message: (DataCollection.BeforeTestRunStartResult) -> {
  "EnvironmentVariables": {},
  "DataCollectionEventsPort": 51371
}
TpTrace Information: 0 : 11224, 4, 2021/06/22, 14:00:30.696, 36727946519, vstest.console.dll, ProxyDataCollectionManager.BeforeTestRunStart: SendBeforeTestRunStartAndGetResult successful, env variable from datacollector:   and testhost port: 51371
TpTrace Information: 0 : 11224, 4, 2021/06/22, 14:00:30.696, 36727947871, vstest.console.dll, ProxyDataCollectionManager.InvokeDataCollectionServiceAction: Completed.
TpTrace Verbose: 0 : 11224, 1, 2021/06/22, 14:00:30.697, 36727949298, vstest.console.dll, TestRunRequest.ExecuteAsync: Creating test run request.
TpTrace Verbose: 0 : 11224, 1, 2021/06/22, 14:00:30.697, 36727951970, vstest.console.dll, TestRunRequest.ExecuteAsync: Starting.
TpTrace Information: 0 : 11224, 1, 2021/06/22, 14:00:30.697, 36727954563, vstest.console.dll, TestRunRequest.ExecuteAsync: Starting run with settings:TestRunCriteria:
   KeepAlive=False,FrequencyOfRunStatsChangeEvent=10,RunStatsChangeEventTimeout=00:00:01.5000000,TestCaseFilter=,TestExecutorLauncher=
   Settingsxml=<RunSettings>
  <RunConfiguration>
    <ResultsDirectory>F:\cts\Hands on\Dot Net\BankPortalBackup\Final Project\Retail Banking Portal Project\AccountManagementTesting\bin\Debug\net5.0\fine-code-coverage\coverage-tool-output</ResultsDirectory>
    <TargetPlatform>X64</TargetPlatform>
    <TargetFrameworkVersion>.NETCoreApp,Version=v5.0</TargetFrameworkVersion>
    <DesignMode>False</DesignMode>
    <CollectSourceInformation>False</CollectSourceInformation>
  </RunConfiguration>
  <LoggerRunSettings>
    <Loggers>
      <Logger friendlyName="blame" enabled="True" />
      <Logger friendlyName="Console" uri="logger://microsoft/TestPlatform/ConsoleLogger/v1" assemblyQualifiedName="Microsoft.VisualStudio.TestPlatform.CommandLine.Internal.ConsoleLogger, vstest.console, Version=15.0.0.0, Culture=neutral, PublicKeyToken=b03f5f7f11d50a3a" codeBase="C:\Program Files\dotnet\sdk\5.0.203\vstest.console.dll" enabled="True" />
    </Loggers>
  </LoggerRunSettings>
  <DataCollectionRunSettings>
    <DataCollectors>
      <DataCollector friendlyName="blame" enabled="True">
        <Configuration>
          <ResultsDirectory>F:\cts\Hands on\Dot Net\BankPortalBackup\Final Project\Retail Banking Portal Project\AccountManagementTesting\bin\Debug\net5.0\fine-code-coverage\coverage-tool-output</ResultsDirectory>
        </Configuration>
      </DataCollector>
    </DataCollectors>
  </DataCollectionRunSettings>
</RunSettings>

TpTrace Verbose: 0 : 11224, 1, 2021/06/22, 14:00:30.697, 36727955694, vstest.console.dll, TestRunRequest.ExecuteAsync: Wait for the first run request is over.
TpTrace Verbose: 0 : 11224, 1, 2021/06/22, 14:00:30.698, 36727959753, vstest.console.dll, ParallelProxyExecutionManager: Start execution. Total sources: 1
TpTrace Information: 0 : 11224, 1, 2021/06/22, 14:00:30.698, 36727964904, vstest.console.dll, ProxyParallelExecutionManager: Triggering test run for next source: F:\cts\Hands on\Dot Net\BankPortalBackup\Final Project\Retail Banking Portal Project\AccountManagementTesting\bin\Debug\net5.0\fine-code-coverage\build-output\AccountManagementTesting.dll
TpTrace Verbose: 0 : 11224, 10, 2021/06/22, 14:00:30.698, 36727966554, vstest.console.dll, ParallelProxyExecutionManager: Execution started. Started clients: 1
TpTrace Verbose: 0 : 11224, 1, 2021/06/22, 14:00:30.698, 36727966985, vstest.console.dll, ProxyParallelExecutionManager: No sources available for execution.
TpTrace Information: 0 : 11224, 1, 2021/06/22, 14:00:30.698, 36727967531, vstest.console.dll, TestRunRequest.ExecuteAsync: Started.
TpTrace Verbose: 0 : 11224, 1, 2021/06/22, 14:00:30.698, 36727968134, vstest.console.dll, TestRunRequest.WaitForCompletion: Waiting with timeout -1.
TpTrace Verbose: 0 : 11224, 10, 2021/06/22, 14:00:30.699, 36727970939, vstest.console.dll, TestRunRequest:SendTestRunMessage: Starting.
TpTrace Information: 0 : 11224, 10, 2021/06/22, 14:00:30.699, 36727972242, vstest.console.dll, TestRunRequest:SendTestRunMessage: Completed.
TpTrace Verbose: 0 : 11224, 10, 2021/06/22, 14:00:30.699, 36727974447, vstest.console.dll, ProxyExecutionManager: Test host is always Lazy initialize.
TpTrace Verbose: 0 : 11224, 10, 2021/06/22, 14:00:30.699, 36727976879, vstest.console.dll, TestRequestSender.InitializeCommunication: initialize communication. 
TpTrace Information: 0 : 11224, 10, 2021/06/22, 14:00:30.700, 36727982275, vstest.console.dll, SocketServer.Start: Listening on endpoint : 127.0.0.1:51372
TpTrace Verbose: 0 : 11224, 10, 2021/06/22, 14:00:30.701, 36727989986, vstest.console.dll, DotnetTestHostmanager: Adding  --runtimeconfig "F:\cts\Hands on\Dot Net\BankPortalBackup\Final Project\Retail Banking Portal Project\AccountManagementTesting\bin\Debug\net5.0\fine-code-coverage\build-output\AccountManagementTesting.runtimeconfig.json" in args
TpTrace Verbose: 0 : 11224, 10, 2021/06/22, 14:00:30.701, 36727990775, vstest.console.dll, DotnetTestHostmanager: Adding  --depsfile "F:\cts\Hands on\Dot Net\BankPortalBackup\Final Project\Retail Banking Portal Project\AccountManagementTesting\bin\Debug\net5.0\fine-code-coverage\build-output\AccountManagementTesting.deps.json" in args
TpTrace Verbose: 0 : 11224, 10, 2021/06/22, 14:00:30.701, 36727992563, vstest.console.dll, DotnetTestHostManager: Testhost.exe/testhost.x86.exe found at path: F:\cts\Hands on\Dot Net\BankPortalBackup\Final Project\Retail Banking Portal Project\AccountManagementTesting\bin\Debug\net5.0\fine-code-coverage\build-output\testhost.exe
TpTrace Verbose: 0 : 11224, 10, 2021/06/22, 14:00:30.701, 36727993700, vstest.console.dll, DotnetTestHostmanager: Full path of host exe is F:\cts\Hands on\Dot Net\BankPortalBackup\Final Project\Retail Banking Portal Project\AccountManagementTesting\bin\Debug\net5.0\fine-code-coverage\build-output\testhost.exe
TpTrace Verbose: 0 : 11224, 4, 2021/06/22, 14:00:30.702, 36728003075, vstest.console.dll, DotnetTestHostManager: Starting process 'F:\cts\Hands on\Dot Net\BankPortalBackup\Final Project\Retail Banking Portal Project\AccountManagementTesting\bin\Debug\net5.0\fine-code-coverage\build-output\testhost.exe' with command line ' --runtimeconfig "F:\cts\Hands on\Dot Net\BankPortalBackup\Final Project\Retail Banking Portal Project\AccountManagementTesting\bin\Debug\net5.0\fine-code-coverage\build-output\AccountManagementTesting.runtimeconfig.json" --depsfile "F:\cts\Hands on\Dot Net\BankPortalBackup\Final Project\Retail Banking Portal Project\AccountManagementTesting\bin\Debug\net5.0\fine-code-coverage\build-output\AccountManagementTesting.deps.json" --port 51372 --endpoint 127.0.0.1:051372 --role client --parentprocessid 11224 --diag "F:\cts\Hands on\Dot Net\BankPortalBackup\Final Project\Retail Banking Portal Project\AccountManagementTesting\bin\Debug\net5.0\fine-code-coverage\coverage-tool-output\diagnostics.host.21-06-22_14-00-30_70069_10.log" --tracelevel 4 --datacollectionport 51371 --telemetryoptedin false'
TpTrace Verbose: 0 : 11224, 4, 2021/06/22, 14:00:30.744, 36728420609, vstest.console.dll, Test Runtime launched
TpTrace Verbose: 0 : 11224, 10, 2021/06/22, 14:00:30.746, 36728439516, vstest.console.dll, TestRequestSender.WaitForRequestHandlerConnection: waiting for connection with timeout: 90000
TpTrace Verbose: 0 : 11224, 9, 2021/06/22, 14:00:30.966, 36730647121, vstest.console.dll, SocketServer.OnClientConnected: Client connected for endPoint: 127.0.0.1:51372, starting MessageLoopAsync:
TpTrace Verbose: 0 : 11224, 9, 2021/06/22, 14:00:30.967, 36730650010, vstest.console.dll, TcpClientExtensions.MessageLoopAsync: Polling on remoteEndPoint: 127.0.0.1:51373 localEndPoint: 127.0.0.1:51372
TpTrace Verbose: 0 : 11224, 9, 2021/06/22, 14:00:31.128, 36732263627, vstest.console.dll, TcpClientExtensions.MessageLoopAsync: NotifyDataAvailable remoteEndPoint: 127.0.0.1:51373 localEndPoint: 127.0.0.1:51372
TpTrace Verbose: 0 : 11224, 9, 2021/06/22, 14:00:31.128, 36732266520, vstest.console.dll, TestRequestSender.CheckVersionWithTestHost: onMessageReceived received message: (ProtocolVersion) -> 5
TpTrace Verbose: 0 : 11224, 9, 2021/06/22, 14:00:31.129, 36732271380, vstest.console.dll, TcpClientExtensions.MessageLoopAsync: Polling on remoteEndPoint: 127.0.0.1:51373 localEndPoint: 127.0.0.1:51372
TpTrace Verbose: 0 : 11224, 10, 2021/06/22, 14:00:31.129, 36732272304, vstest.console.dll, TestPluginCache.GetExtensionPaths: Filtered extension paths: 
TpTrace Verbose: 0 : 11224, 10, 2021/06/22, 14:00:31.129, 36732272862, vstest.console.dll, TestPluginCache.GetExtensionPaths: Added default extension paths: C:\Program Files\dotnet\sdk\5.0.203\Extensions\Microsoft.Diagnostics.NETCore.Client.dll
C:\Program Files\dotnet\sdk\5.0.203\Extensions\Microsoft.TestPlatform.Extensions.BlameDataCollector.dll
C:\Program Files\dotnet\sdk\5.0.203\Extensions\Microsoft.TestPlatform.Extensions.EventLogCollector.dll
C:\Program Files\dotnet\sdk\5.0.203\Extensions\Microsoft.TestPlatform.TestHostRuntimeProvider.dll
C:\Program Files\dotnet\sdk\5.0.203\Extensions\Microsoft.VisualStudio.TestPlatform.Extensions.Html.TestLogger.dll
C:\Program Files\dotnet\sdk\5.0.203\Extensions\Microsoft.VisualStudio.TestPlatform.Extensions.Trx.TestLogger.dll
TpTrace Verbose: 0 : 11224, 10, 2021/06/22, 14:00:31.129, 36732273154, vstest.console.dll, TestPluginCache.GetExtensionPaths: Added unfilterableExtensionPaths: 
TpTrace Verbose: 0 : 11224, 10, 2021/06/22, 14:00:31.132, 36732301565, vstest.console.dll, TestRequestSender.InitializeExecution: Sending initializing execution with message: {"Version":5,"MessageType":"TestExecution.Initialize","Payload":["F:\\cts\\Hands on\\Dot Net\\BankPortalBackup\\Final Project\\Retail Banking Portal Project\\AccountManagementTesting\\bin\\Debug\\net5.0\\fine-code-coverage\\build-output\\NUnit3.TestAdapter.dll"]}
TpTrace Verbose: 0 : 11224, 10, 2021/06/22, 14:00:31.139, 36732377859, vstest.console.dll, TestRequestSender.StartTestRun: Sending test run with message: {"Version":5,"MessageType":"TestExecution.StartWithSources","Payload":{"AdapterSourceMap":{"_none_":["F:\\cts\\Hands on\\Dot Net\\BankPortalBackup\\Final Project\\Retail Banking Portal Project\\AccountManagementTesting\\bin\\Debug\\net5.0\\fine-code-coverage\\build-output\\AccountManagementTesting.dll"]},"RunSettings":"<RunSettings>\r\n  <RunConfiguration>\r\n    <ResultsDirectory>F:\\cts\\Hands on\\Dot Net\\BankPortalBackup\\Final Project\\Retail Banking Portal Project\\AccountManagementTesting\\bin\\Debug\\net5.0\\fine-code-coverage\\coverage-tool-output</ResultsDirectory>\r\n    <TargetPlatform>X64</TargetPlatform>\r\n    <TargetFrameworkVersion>.NETCoreApp,Version=v5.0</TargetFrameworkVersion>\r\n    <DesignMode>False</DesignMode>\r\n    <CollectSourceInformation>False</CollectSourceInformation>\r\n  </RunConfiguration>\r\n  <LoggerRunSettings>\r\n    <Loggers>\r\n      <Logger friendlyName=\"blame\" enabled=\"True\" />\r\n      <Logger friendlyName=\"Console\" uri=\"logger://microsoft/TestPlatform/ConsoleLogger/v1\" assemblyQualifiedName=\"Microsoft.VisualStudio.TestPlatform.CommandLine.Internal.ConsoleLogger, vstest.console, Version=15.0.0.0, Culture=neutral, PublicKeyToken=b03f5f7f11d50a3a\" codeBase=\"C:\\Program Files\\dotnet\\sdk\\5.0.203\\vstest.console.dll\" enabled=\"True\" />\r\n    </Loggers>\r\n  </LoggerRunSettings>\r\n  <DataCollectionRunSettings>\r\n    <DataCollectors>\r\n      <DataCollector friendlyName=\"blame\" enabled=\"True\">\r\n        <Configuration>\r\n          <ResultsDirectory>F:\\cts\\Hands on\\Dot Net\\BankPortalBackup\\Final Project\\Retail Banking Portal Project\\AccountManagementTesting\\bin\\Debug\\net5.0\\fine-code-coverage\\coverage-tool-output</ResultsDirectory>\r\n        </Configuration>\r\n      </DataCollector>\r\n    </DataCollectors>\r\n  </DataCollectionRunSettings>\r\n</RunSettings>","TestExecutionContext":{"FrequencyOfRunStatsChangeEvent":10,"RunStatsChangeEventTimeout":"00:00:01.5000000","InIsolation":false,"KeepAlive":false,"AreTestCaseLevelEventsRequired":false,"IsDebug":false,"TestCaseFilter":null,"FilterOptions":null},"Package":null}}
TpTrace Verbose: 0 : 11224, 9, 2021/06/22, 14:00:31.142, 36732406877, vstest.console.dll, TcpClientExtensions.MessageLoopAsync: NotifyDataAvailable remoteEndPoint: 127.0.0.1:51373 localEndPoint: 127.0.0.1:51372
TpTrace Verbose: 0 : 11224, 9, 2021/06/22, 14:00:31.142, 36732408680, vstest.console.dll, TestRequestSender.OnExecutionMessageReceived: Received message: {"Version":5,"MessageType":"TestSession.Message","Payload":{"MessageLevel":0,"Message":"Logging TestHost Diagnostics in file: F:\\cts\\Hands on\\Dot Net\\BankPortalBackup\\Final Project\\Retail Banking Portal Project\\AccountManagementTesting\\bin\\Debug\\net5.0\\fine-code-coverage\\coverage-tool-output\\diagnostics.host.21-06-22_14-00-30_70069_10.log"}}
TpTrace Verbose: 0 : 11224, 9, 2021/06/22, 14:00:31.145, 36732438653, vstest.console.dll, TestRunRequest:SendTestRunMessage: Starting.
TpTrace Information: 0 : 11224, 9, 2021/06/22, 14:00:31.146, 36732439859, vstest.console.dll, TestRunRequest:SendTestRunMessage: Completed.
TpTrace Verbose: 0 : 11224, 9, 2021/06/22, 14:00:31.146, 36732440185, vstest.console.dll, TcpClientExtensions.MessageLoopAsync: Polling on remoteEndPoint: 127.0.0.1:51373 localEndPoint: 127.0.0.1:51372
TpTrace Verbose: 0 : 11224, 9, 2021/06/22, 14:00:31.310, 36734083647, vstest.console.dll, TcpClientExtensions.MessageLoopAsync: NotifyDataAvailable remoteEndPoint: 127.0.0.1:51373 localEndPoint: 127.0.0.1:51372
TpTrace Verbose: 0 : 11224, 9, 2021/06/22, 14:00:31.310, 36734085094, vstest.console.dll, TestRequestSender.OnExecutionMessageReceived: Received message: {"Version":5,"MessageType":"TestSession.Message","Payload":{"MessageLevel":0,"Message":"NUnit Adapter 3.17.0.0: Test execution started"}}
TpTrace Verbose: 0 : 11224, 9, 2021/06/22, 14:00:31.310, 36734088083, vstest.console.dll, TestRunRequest:SendTestRunMessage: Starting.
TpTrace Information: 0 : 11224, 9, 2021/06/22, 14:00:31.310, 36734089017, vstest.console.dll, TestRunRequest:SendTestRunMessage: Completed.
TpTrace Verbose: 0 : 11224, 9, 2021/06/22, 14:00:31.311, 36734089429, vstest.console.dll, TcpClientExtensions.MessageLoopAsync: Polling on remoteEndPoint: 127.0.0.1:51373 localEndPoint: 127.0.0.1:51372
TpTrace Verbose: 0 : 11224, 9, 2021/06/22, 14:00:31.344, 36734422930, vstest.console.dll, TcpClientExtensions.MessageLoopAsync: NotifyDataAvailable remoteEndPoint: 127.0.0.1:51373 localEndPoint: 127.0.0.1:51372
TpTrace Verbose: 0 : 11224, 9, 2021/06/22, 14:00:31.344, 36734424651, vstest.console.dll, TestRequestSender.OnExecutionMessageReceived: Received message: {"Version":5,"MessageType":"TestSession.Message","Payload":{"MessageLevel":0,"Message":"Running all tests in F:\\cts\\Hands on\\Dot Net\\BankPortalBackup\\Final Project\\Retail Banking Portal Project\\AccountManagementTesting\\bin\\Debug\\net5.0\\fine-code-coverage\\build-output\\AccountManagementTesting.dll"}}
TpTrace Verbose: 0 : 11224, 9, 2021/06/22, 14:00:31.344, 36734427333, vstest.console.dll, TestRunRequest:SendTestRunMessage: Starting.
TpTrace Information: 0 : 11224, 9, 2021/06/22, 14:00:31.344, 36734428177, vstest.console.dll, TestRunRequest:SendTestRunMessage: Completed.
TpTrace Verbose: 0 : 11224, 9, 2021/06/22, 14:00:31.344, 36734428603, vstest.console.dll, TcpClientExtensions.MessageLoopAsync: Polling on remoteEndPoint: 127.0.0.1:51373 localEndPoint: 127.0.0.1:51372
TpTrace Verbose: 0 : 11224, 9, 2021/06/22, 14:00:31.535, 36736334752, vstest.console.dll, TcpClientExtensions.MessageLoopAsync: NotifyDataAvailable remoteEndPoint: 127.0.0.1:51373 localEndPoint: 127.0.0.1:51372
TpTrace Verbose: 0 : 11224, 9, 2021/06/22, 14:00:31.535, 36736335983, vstest.console.dll, TestRequestSender.OnExecutionMessageReceived: Received message: {"Version":5,"MessageType":"TestSession.Message","Payload":{"MessageLevel":0,"Message":"   NUnit3TestExecutor discovered 14 of 14 NUnit test cases"}}
TpTrace Verbose: 0 : 11224, 9, 2021/06/22, 14:00:31.535, 36736337849, vstest.console.dll, TestRunRequest:SendTestRunMessage: Starting.
TpTrace Information: 0 : 11224, 9, 2021/06/22, 14:00:31.535, 36736338425, vstest.console.dll, TestRunRequest:SendTestRunMessage: Completed.
TpTrace Verbose: 0 : 11224, 9, 2021/06/22, 14:00:31.535, 36736338716, vstest.console.dll, TcpClientExtensions.MessageLoopAsync: Polling on remoteEndPoint: 127.0.0.1:51373 localEndPoint: 127.0.0.1:51372
TpTrace Verbose: 0 : 11224, 9, 2021/06/22, 14:00:31.910, 36740079692, vstest.console.dll, TcpClientExtensions.MessageLoopAsync: NotifyDataAvailable remoteEndPoint: 127.0.0.1:51373 localEndPoint: 127.0.0.1:51372
TpTrace Verbose: 0 : 11224, 9, 2021/06/22, 14:00:31.910, 36740083460, vstest.console.dll, TestRequestSender.OnExecutionMessageReceived: Received message: {"Version":5,"MessageType":"TestExecution.StatsChange","Payload":{"NewTestResults":[{"TestCase":{"Id":"ce4b7178-1cc8-abe4-8101-07e050106dda","FullyQualifiedName":"AccountManagementTesting.Tests.deposit_Called_When_Given_InValid_AccountId","DisplayName":"deposit_Called_When_Given_InValid_AccountId","ExecutorUri":"executor://NUnit3TestExecutor","Source":"F:\\cts\\Hands on\\Dot Net\\BankPortalBackup\\Final Project\\Retail Banking Portal Project\\AccountManagementTesting\\bin\\Debug\\net5.0\\fine-code-coverage\\build-output\\AccountManagementTesting.dll","CodeFilePath":null,"LineNumber":0,"Properties":[]},"Attachments":[],"Outcome":2,"ErrorMessage":"  Expected: null\r\n  But was:  <System.Threading.Tasks.Task`1[Microsoft.AspNetCore.Mvc.ActionResult`1[AccountManagementApi.Models.TransactionStatusForDepositAndWithDraw]]>\r\n","ErrorStackTrace":"   at AccountManagementTesting.Tests.deposit_Called_When_Given_InValid_AccountId() in F:\\cts\\Hands on\\Dot Net\\BankPortalBackup\\Final Project\\Retail Banking Portal Project\\AccountManagementTesting\\UnitTest1.cs:line 119\r\n","DisplayName":"deposit_Called_When_Given_InValid_AccountId","Messages":[],"ComputerName":"DESKTOP-C2UE1C5","Duration":"00:00:00.2546910","StartTime":"2021-06-22T08:30:31.573174+00:00","EndTime":"2021-06-22T08:30:31.8277314+00:00","Properties":[]},{"TestCase":{"Id":"a07448a0-4dfb-a377-3d81-a66d76f03c05","FullyQualifiedName":"AccountManagementTesting.Tests.deposit_Called_When_Given_Valid_AccountId","DisplayName":"deposit_Called_When_Given_Valid_AccountId","ExecutorUri":"executor://NUnit3TestExecutor","Source":"F:\\cts\\Hands on\\Dot Net\\BankPortalBackup\\Final Project\\Retail Banking Portal Project\\AccountManagementTesting\\bin\\Debug\\net5.0\\fine-code-coverage\\build-output\\AccountManagementTesting.dll","CodeFilePath":null,"LineNumber":0,"Properties":[]},"Attachments":[],"Outcome":1,"ErrorMessage":null,"ErrorStackTrace":null,"DisplayName":"deposit_Called_When_Given_Valid_AccountId","Messages":[],"ComputerName":"DESKTOP-C2UE1C5","Duration":"00:00:00.0042460","StartTime":"2021-06-22T08:30:31.8304391+00:00","EndTime":"2021-06-22T08:30:31.834686+00:00","Properties":[]},{"TestCase":{"Id":"ae89d304-e693-5352-ea18-21e9a9027627","FullyQualifiedName":"AccountManagementTesting.Tests.getaccount_Called_When_Given_InValid_AccountId","DisplayName":"getaccount_Called_When_Given_InValid_AccountId","ExecutorUri":"executor://NUnit3TestExecutor","Source":"F:\\cts\\Hands on\\Dot Net\\BankPortalBackup\\Final Project\\Retail Banking Portal Project\\AccountManagementTesting\\bin\\Debug\\net5.0\\fine-code-coverage\\build-output\\AccountManagementTesting.dll","CodeFilePath":null,"LineNumber":0,"Properties":[]},"Attachments":[],"Outcome":2,"ErrorMessage":"  Expected: null\r\n  But was:  <System.Threading.Tasks.Task`1[Microsoft.AspNetCore.Mvc.ActionResult`1[System.Collections.Generic.List`1[AccountManagementApi.Models.AccountDetailsForSending]]]>\r\n","ErrorStackTrace":"   at AccountManagementTesting.Tests.getaccount_Called_When_Given_InValid_AccountId() in F:\\cts\\Hands on\\Dot Net\\BankPortalBackup\\Final Project\\Retail Banking Portal Project\\AccountManagementTesting\\UnitTest1.cs:line 83\r\n","DisplayName":"getaccount_Called_When_Given_InValid_AccountId","Messages":[],"ComputerName":"DESKTOP-C2UE1C5","Duration":"00:00:00.0021070","StartTime":"2021-06-22T08:30:31.8352777+00:00","EndTime":"2021-06-22T08:30:31.8373847+00:00","Properties":[]},{"TestCase":{"Id":"f3128164-7c3a-521d-61d7-6b634a3f6fbd","FullyQualifiedName":"AccountManagementTesting.Tests.getaccount_Called_When_Given_Valid_AccountId","DisplayName":"getaccount_Called_When_Given_Valid_AccountId","ExecutorUri":"executor://NUnit3TestExecutor","Source":"F:\\cts\\Hands on\\Dot Net\\BankPortalBackup\\Final Project\\Retail Banking Portal Project\\AccountManagementTesting\\bin\\Debug\\net5.0\\fine-code-coverage\\build-output\\AccountManagementTesting.dll","CodeFilePath":null,"LineNumber":0,"Properties":[]},"Attachments":[],"Outcome":1,"ErrorMessage":null,"ErrorStackTrace":null,"DisplayName":"getaccount_Called_When_Given_Valid_AccountId","Messages":[],"ComputerName":"DESKTOP-C2UE1C5","Duration":"00:00:00.0003500","StartTime":"2021-06-22T08:30:31.8374082+00:00","EndTime":"2021-06-22T08:30:31.8377573+00:00","Properties":[]},{"TestCase":{"Id":"59f0dcc7-d1f7-5834-0830-9dd83fd00228","FullyQualifiedName":"AccountManagementTesting.Tests.getCustomerAccounts_Called_When_Given_Invalid_CustomerId","DisplayName":"getCustomerAccounts_Called_When_Given_Invalid_CustomerId","ExecutorUri":"executor://NUnit3TestExecutor","Source":"F:\\cts\\Hands on\\Dot Net\\BankPortalBackup\\Final Project\\Retail Banking Portal Project\\AccountManagementTesting\\bin\\Debug\\net5.0\\fine-code-coverage\\build-output\\AccountManagementTesting.dll","CodeFilePath":null,"LineNumber":0,"Properties":[]},"Attachments":[],"Outcome":2,"ErrorMessage":"  Expected: 0\r\n  But was:  <System.Threading.Tasks.Task`1[Microsoft.AspNetCore.Mvc.ActionResult`1[System.Collections.Generic.List`1[AccountManagementApi.Models.AccountDetailsForSending]]]>\r\n","ErrorStackTrace":"   at AccountManagementTesting.Tests.getCustomerAccounts_Called_When_Given_Invalid_CustomerId() in F:\\cts\\Hands on\\Dot Net\\BankPortalBackup\\Final Project\\Retail Banking Portal Project\\AccountManagementTesting\\UnitTest1.cs:line 155\r\n","DisplayName":"getCustomerAccounts_Called_When_Given_Invalid_CustomerId","Messages":[],"ComputerName":"DESKTOP-C2UE1C5","Duration":"00:00:00.0144010","StartTime":"2021-06-22T08:30:31.8377711+00:00","EndTime":"2021-06-22T08:30:31.8521711+00:00","Properties":[]},{"TestCase":{"Id":"755ca513-e127-22e2-e38b-5b3cf270e673","FullyQualifiedName":"AccountManagementTesting.Tests.getCustomerAccounts_Called_When_Given_valid_CustomerId","DisplayName":"getCustomerAccounts_Called_When_Given_valid_CustomerId","ExecutorUri":"executor://NUnit3TestExecutor","Source":"F:\\cts\\Hands on\\Dot Net\\BankPortalBackup\\Final Project\\Retail Banking Portal Project\\AccountManagementTesting\\bin\\Debug\\net5.0\\fine-code-coverage\\build-output\\AccountManagementTesting.dll","CodeFilePath":null,"LineNumber":0,"Properties":[]},"Attachments":[],"Outcome":1,"ErrorMessage":null,"ErrorStackTrace":null,"DisplayName":"getCustomerAccounts_Called_When_Given_valid_CustomerId","Messages":[],"ComputerName":"DESKTOP-C2UE1C5","Duration":"00:00:00.0004970","StartTime":"2021-06-22T08:30:31.8521926+00:00","EndTime":"2021-06-22T08:30:31.8526882+00:00","Properties":[]},{"TestCase":{"Id":"c38e1a21-ec24-8b32-2992-c19e0ae1e8e0","FullyQualifiedName":"AccountManagementTesting.Tests.getCutomerAccounts_Called_When_Given_InValid_CustomerId","DisplayName":"getCutomerAccounts_Called_When_Given_InValid_CustomerId","ExecutorUri":"executor://NUnit3TestExecutor","Source":"F:\\cts\\Hands on\\Dot Net\\BankPortalBackup\\Final Project\\Retail Banking Portal Project\\AccountManagementTesting\\bin\\Debug\\net5.0\\fine-code-coverage\\build-output\\AccountManagementTesting.dll","CodeFilePath":null,"LineNumber":0,"Properties":[]},"Attachments":[],"Outcome":2,"ErrorMessage":"  Expected: instance of <Microsoft.AspNetCore.Mvc.NotFoundResult>\r\n  But was:  <System.Threading.Tasks.Task`1[Microsoft.AspNetCore.Mvc.ActionResult`1[System.Collections.Generic.List`1[AccountManagementApi.Models.AccountDetailsForSending]]]>\r\n","ErrorStackTrace":"   at AccountManagementTesting.Tests.getCutomerAccounts_Called_When_Given_InValid_CustomerId() in F:\\cts\\Hands on\\Dot Net\\BankPortalBackup\\Final Project\\Retail Banking Portal Project\\AccountManagementTesting\\UnitTest1.cs:line 65\r\n","DisplayName":"getCutomerAccounts_Called_When_Given_InValid_CustomerId","Messages":[],"ComputerName":"DESKTOP-C2UE1C5","Duration":"00:00:00.0024070","StartTime":"2021-06-22T08:30:31.8527043+00:00","EndTime":"2021-06-22T08:30:31.8551096+00:00","Properties":[]},{"TestCase":{"Id":"1df8205b-2c8e-0bf1-074b-f22d32172a8d","FullyQualifiedName":"AccountManagementTesting.Tests.getCutomerAccounts_Called_When_Given_Valid_CustomerId","DisplayName":"getCutomerAccounts_Called_When_Given_Valid_CustomerId","ExecutorUri":"executor://NUnit3TestExecutor","Source":"F:\\cts\\Hands on\\Dot Net\\BankPortalBackup\\Final Project\\Retail Banking Portal Project\\AccountManagementTesting\\bin\\Debug\\net5.0\\fine-code-coverage\\build-output\\AccountManagementTesting.dll","CodeFilePath":null,"LineNumber":0,"Properties":[]},"Attachments":[],"Outcome":1,"ErrorMessage":null,"ErrorStackTrace":null,"DisplayName":"getCutomerAccounts_Called_When_Given_Valid_CustomerId","Messages":[],"ComputerName":"DESKTOP-C2UE1C5","Duration":"00:00:00.0003540","StartTime":"2021-06-22T08:30:31.8551353+00:00","EndTime":"2021-06-22T08:30:31.8554885+00:00","Properties":[]},{"TestCase":{"Id":"f16f7a8d-7a71-c0e3-8324-b897c5b787d4","FullyQualifiedName":"AccountManagementTesting.Tests.getstatements_Called_When_Given_InValid_AccountId","DisplayName":"getstatements_Called_When_Given_InValid_AccountId","ExecutorUri":"executor://NUnit3TestExecutor","Source":"F:\\cts\\Hands on\\Dot Net\\BankPortalBackup\\Final Project\\Retail Banking Portal Project\\AccountManagementTesting\\bin\\Debug\\net5.0\\fine-code-coverage\\build-output\\AccountManagementTesting.dll","CodeFilePath":null,"LineNumber":0,"Properties":[]},"Attachments":[],"Outcome":2,"ErrorMessage":"  Expected: null\r\n  But was:  <System.Threading.Tasks.Task`1[Microsoft.AspNetCore.Mvc.ActionResult`1[System.Collections.Generic.List`1[AccountManagementApi.Models.Statement]]]>\r\n","ErrorStackTrace":"   at AccountManagementTesting.Tests.getstatements_Called_When_Given_InValid_AccountId() in F:\\cts\\Hands on\\Dot Net\\BankPortalBackup\\Final Project\\Retail Banking Portal Project\\AccountManagementTesting\\UnitTest1.cs:line 101\r\n","DisplayName":"getstatements_Called_When_Given_InValid_AccountId","Messages":[],"ComputerName":"DESKTOP-C2UE1C5","Duration":"00:00:00.0032960","StartTime":"2021-06-22T08:30:31.8555094+00:00","EndTime":"2021-06-22T08:30:31.8588046+00:00","Properties":[]}],"TestRunStatistics":{"ExecutedTests":9,"Stats":{"Failed":5,"Passed":4}},"ActiveTests":[{"Id":"2b8d030b-297d-4e6b-8b60-7cec87c06e20","FullyQualifiedName":"AccountManagementTesting.Tests.getstatements_Called_When_Given_Valid_AccountId","DisplayName":"getstatements_Called_When_Given_Valid_AccountId","ExecutorUri":"executor://NUnit3TestExecutor","Source":"F:\\cts\\Hands on\\Dot Net\\BankPortalBackup\\Final Project\\Retail Banking Portal Project\\AccountManagementTesting\\bin\\Debug\\net5.0\\fine-code-coverage\\build-output\\AccountManagementTesting.dll","CodeFilePath":null,"LineNumber":0,"Properties":[]}]}}
TpTrace Verbose: 0 : 11224, 9, 2021/06/22, 14:00:31.938, 36740369198, vstest.console.dll, TestRunRequest:SendTestRunStatsChange: Starting.
TpTrace Verbose: 0 : 11224, 9, 2021/06/22, 14:00:31.939, 36740370464, vstest.console.dll, InProgress is getstatements_Called_When_Given_Valid_AccountId
TpTrace Information: 0 : 11224, 9, 2021/06/22, 14:00:31.939, 36740372382, vstest.console.dll, TestRunRequest:SendTestRunStatsChange: Completed.
TpTrace Verbose: 0 : 11224, 9, 2021/06/22, 14:00:31.939, 36740372947, vstest.console.dll, TcpClientExtensions.MessageLoopAsync: Polling on remoteEndPoint: 127.0.0.1:51373 localEndPoint: 127.0.0.1:51372
TpTrace Verbose: 0 : 11224, 9, 2021/06/22, 14:00:31.939, 36740373382, vstest.console.dll, TcpClientExtensions.MessageLoopAsync: NotifyDataAvailable remoteEndPoint: 127.0.0.1:51373 localEndPoint: 127.0.0.1:51372
TpTrace Verbose: 0 : 11224, 9, 2021/06/22, 14:00:31.939, 36740373872, vstest.console.dll, TestRequestSender.OnExecutionMessageReceived: Received message: {"Version":5,"MessageType":"TestSession.Message","Payload":{"MessageLevel":0,"Message":"NUnit Adapter 3.17.0.0: Test execution complete"}}
TpTrace Verbose: 0 : 11224, 9, 2021/06/22, 14:00:31.939, 36740375526, vstest.console.dll, TestRunRequest:SendTestRunMessage: Starting.
TpTrace Information: 0 : 11224, 9, 2021/06/22, 14:00:31.939, 36740376009, vstest.console.dll, TestRunRequest:SendTestRunMessage: Completed.
TpTrace Verbose: 0 : 11224, 9, 2021/06/22, 14:00:31.939, 36740376263, vstest.console.dll, TcpClientExtensions.MessageLoopAsync: Polling on remoteEndPoint: 127.0.0.1:51373 localEndPoint: 127.0.0.1:51372
TpTrace Verbose: 0 : 11224, 9, 2021/06/22, 14:00:31.951, 36740494570, vstest.console.dll, TcpClientExtensions.MessageLoopAsync: NotifyDataAvailable remoteEndPoint: 127.0.0.1:51373 localEndPoint: 127.0.0.1:51372
TpTrace Verbose: 0 : 11224, 9, 2021/06/22, 14:00:31.951, 36740496459, vstest.console.dll, TestRequestSender.OnExecutionMessageReceived: Received message: {"Version":5,"MessageType":"TestExecution.Completed","Payload":{"TestRunCompleteArgs":{"TestRunStatistics":{"ExecutedTests":14,"Stats":{"Failed":7,"Passed":7}},"IsCanceled":false,"IsAborted":false,"Error":null,"AttachmentSets":[],"ElapsedTimeInRunningTests":"00:00:00.6446985","Metrics":{}},"LastRunTests":{"NewTestResults":[{"TestCase":{"Id":"2b8d030b-297d-4e6b-8b60-7cec87c06e20","FullyQualifiedName":"AccountManagementTesting.Tests.getstatements_Called_When_Given_Valid_AccountId","DisplayName":"getstatements_Called_When_Given_Valid_AccountId","ExecutorUri":"executor://NUnit3TestExecutor","Source":"F:\\cts\\Hands on\\Dot Net\\BankPortalBackup\\Final Project\\Retail Banking Portal Project\\AccountManagementTesting\\bin\\Debug\\net5.0\\fine-code-coverage\\build-output\\AccountManagementTesting.dll","CodeFilePath":null,"LineNumber":0,"Properties":[]},"Attachments":[],"Outcome":1,"ErrorMessage":null,"ErrorStackTrace":null,"DisplayName":"getstatements_Called_When_Given_Valid_AccountId","Messages":[],"ComputerName":"DESKTOP-C2UE1C5","Duration":"00:00:00.0003850","StartTime":"2021-06-22T08:30:31.8588294+00:00","EndTime":"2021-06-22T08:30:31.8592146+00:00","Properties":[]},{"TestCase":{"Id":"88cbb8df-0aa7-1fbb-9db0-005e1fb22245","FullyQualifiedName":"AccountManagementTesting.Tests.returnInValid_CreateAccount","DisplayName":"returnInValid_CreateAccount","ExecutorUri":"executor://NUnit3TestExecutor","Source":"F:\\cts\\Hands on\\Dot Net\\BankPortalBackup\\Final Project\\Retail Banking Portal Project\\AccountManagementTesting\\bin\\Debug\\net5.0\\fine-code-coverage\\build-output\\AccountManagementTesting.dll","CodeFilePath":null,"LineNumber":0,"Properties":[]},"Attachments":[],"Outcome":2,"ErrorMessage":"  Expected: null\r\n  But was:  <System.Threading.Tasks.Task`1[Microsoft.AspNetCore.Mvc.ActionResult`1[AccountManagementApi.Models.AccountCreationStatus]]>\r\n","ErrorStackTrace":"   at AccountManagementTesting.Tests.returnInValid_CreateAccount() in F:\\cts\\Hands on\\Dot Net\\BankPortalBackup\\Final Project\\Retail Banking Portal Project\\AccountManagementTesting\\UnitTest1.cs:line 45\r\n","DisplayName":"returnInValid_CreateAccount","Messages":[],"ComputerName":"DESKTOP-C2UE1C5","Duration":"00:00:00.0189700","StartTime":"2021-06-22T08:30:31.859227+00:00","EndTime":"2021-06-22T08:30:31.8781965+00:00","Properties":[]},{"TestCase":{"Id":"d8c7ab80-6504-4cfb-0eca-9fc1935074a1","FullyQualifiedName":"AccountManagementTesting.Tests.returnValidCreateAccount","DisplayName":"returnValidCreateAccount","ExecutorUri":"executor://NUnit3TestExecutor","Source":"F:\\cts\\Hands on\\Dot Net\\BankPortalBackup\\Final Project\\Retail Banking Portal Project\\AccountManagementTesting\\bin\\Debug\\net5.0\\fine-code-coverage\\build-output\\AccountManagementTesting.dll","CodeFilePath":null,"LineNumber":0,"Properties":[]},"Attachments":[],"Outcome":1,"ErrorMessage":null,"ErrorStackTrace":null,"DisplayName":"returnValidCreateAccount","Messages":[],"ComputerName":"DESKTOP-C2UE1C5","Duration":"00:00:00.0006630","StartTime":"2021-06-22T08:30:31.8782247+00:00","EndTime":"2021-06-22T08:30:31.8788867+00:00","Properties":[]},{"TestCase":{"Id":"5695cba7-d614-bedf-bf41-bdb1a8262718","FullyQualifiedName":"AccountManagementTesting.Tests.withdraw_Called_When_Given_InValid_AccountId","DisplayName":"withdraw_Called_When_Given_InValid_AccountId","ExecutorUri":"executor://NUnit3TestExecutor","Source":"F:\\cts\\Hands on\\Dot Net\\BankPortalBackup\\Final Project\\Retail Banking Portal Project\\AccountManagementTesting\\bin\\Debug\\net5.0\\fine-code-coverage\\build-output\\AccountManagementTesting.dll","CodeFilePath":null,"LineNumber":0,"Properties":[]},"Attachments":[],"Outcome":2,"ErrorMessage":"  Expected: instance of <Microsoft.AspNetCore.Mvc.OkObjectResult>\r\n  But was:  <System.Threading.Tasks.Task`1[Microsoft.AspNetCore.Mvc.ActionResult`1[AccountManagementApi.Models.TransactionStatusForDepositAndWithDraw]]>\r\n","ErrorStackTrace":"   at AccountManagementTesting.Tests.withdraw_Called_When_Given_InValid_AccountId() in F:\\cts\\Hands on\\Dot Net\\BankPortalBackup\\Final Project\\Retail Banking Portal Project\\AccountManagementTesting\\UnitTest1.cs:line 137\r\n","DisplayName":"withdraw_Called_When_Given_InValid_AccountId","Messages":[],"ComputerName":"DESKTOP-C2UE1C5","Duration":"00:00:00.0019450","StartTime":"2021-06-22T08:30:31.8789061+00:00","EndTime":"2021-06-22T08:30:31.8808501+00:00","Properties":[]},{"TestCase":{"Id":"a071a5db-57d7-0457-691c-caecd2c9e17f","FullyQualifiedName":"AccountManagementTesting.Tests.withdraw_Called_When_Given_Valid_AccountId","DisplayName":"withdraw_Called_When_Given_Valid_AccountId","ExecutorUri":"executor://NUnit3TestExecutor","Source":"F:\\cts\\Hands on\\Dot Net\\BankPortalBackup\\Final Project\\Retail Banking Portal Project\\AccountManagementTesting\\bin\\Debug\\net5.0\\fine-code-coverage\\build-output\\AccountManagementTesting.dll","CodeFilePath":null,"LineNumber":0,"Properties":[]},"Attachments":[],"Outcome":1,"ErrorMessage":null,"ErrorStackTrace":null,"DisplayName":"withdraw_Called_When_Given_Valid_AccountId","Messages":[],"ComputerName":"DESKTOP-C2UE1C5","Duration":"00:00:00.0003560","StartTime":"2021-06-22T08:30:31.880873+00:00","EndTime":"2021-06-22T08:30:31.8812288+00:00","Properties":[]}],"TestRunStatistics":{"ExecutedTests":14,"Stats":{"Failed":7,"Passed":7}},"ActiveTests":[]},"RunAttachments":[],"ExecutorUris":["executor://nunit3testexecutor/"]}}
TpTrace Verbose: 0 : 11224, 9, 2021/06/22, 14:00:31.952, 36740499944, vstest.console.dll, TestRequestSender.EndSession: Sending end session.
TpTrace Verbose: 0 : 11224, 9, 2021/06/22, 14:00:31.952, 36740501116, vstest.console.dll, ProxyOperationManager.Close: waiting for test host to exit for 100 ms
TpTrace Warning: 0 : 11224, 4, 2021/06/22, 14:00:31.993, 36740917136, vstest.console.dll, TestHostManagerCallbacks.ErrorReceivedCallback Test host standard error line: 
TpTrace Verbose: 0 : 11224, 7, 2021/06/22, 14:00:31.998, 36740966623, vstest.console.dll, TestHostProvider.ExitCallBack: Host exited starting callback.
TpTrace Information: 0 : 11224, 7, 2021/06/22, 14:00:31.999, 36740971797, vstest.console.dll, TestHostManagerCallbacks.ExitCallBack: Testhost processId: 4156 exited with exitcode: 0 error: ''
TpTrace Verbose: 0 : 11224, 7, 2021/06/22, 14:00:31.999, 36740972226, vstest.console.dll, DotnetTestHostManager.OnHostExited: invoking OnHostExited callback
TpTrace Verbose: 0 : 11224, 7, 2021/06/22, 14:00:31.999, 36740972632, vstest.console.dll, CrossPlatEngine.TestHostManagerHostExited: calling on client process exit callback.
TpTrace Information: 0 : 11224, 7, 2021/06/22, 14:00:31.999, 36740973067, vstest.console.dll, TestRequestSender.OnClientProcessExit: Test host process exited. Standard error: 
TpTrace Warning: 0 : 11224, 9, 2021/06/22, 14:00:31.999, 36740973059, vstest.console.dll, ProxyOperationManager: Timed out waiting for test host to exit. Will terminate process.
TpTrace Information: 0 : 11224, 7, 2021/06/22, 14:00:31.999, 36740973505, vstest.console.dll, SocketServer.Stop: Stop server endPoint: 127.0.0.1:51372
TpTrace Information: 0 : 11224, 7, 2021/06/22, 14:00:31.999, 36740974006, vstest.console.dll, SocketServer.Stop: Cancellation requested. Stopping message loop.
TpTrace Verbose: 0 : 11224, 9, 2021/06/22, 14:00:32.000, 36740979514, vstest.console.dll, ProxyDataCollectionManager.InvokeDataCollectionServiceAction: Starting.
TpTrace Information: 0 : 11224, 9, 2021/06/22, 14:00:32.000, 36740979939, vstest.console.dll, ProxyDataCollectionManager.AfterTestRunEnd: Get attachment set for datacollector processId: 2304 port: 51368
TpTrace Verbose: 0 : 11224, 9, 2021/06/22, 14:00:32.000, 36740980371, vstest.console.dll, DataCollectionRequestSender.SendAfterTestRunStartAndGetResult : Send AfterTestRunEnd message with isCancelled: False
TpTrace Verbose: 0 : 11224, 9, 2021/06/22, 14:00:32.003, 36741016049, vstest.console.dll, DataCollectionRequestSender.SendAfterTestRunStartAndGetResult : Received message: (DataCollection.AfterTestRunEndResult) -> {
  "AttachmentSets": [],
  "Metrics": {}
}
TpTrace Warning: 0 : 11224, 6, 2021/06/22, 14:00:32.009, 36741079104, vstest.console.dll, DataCollectionLauncher.ErrorReceivedCallback datacollector standard error line: 
TpTrace Information: 0 : 11224, 9, 2021/06/22, 14:00:32.010, 36741083005, vstest.console.dll, ProxyDataCollectionManager.InvokeDataCollectionServiceAction: Completed.
TpTrace Information: 0 : 11224, 7, 2021/06/22, 14:00:32.014, 36741124754, vstest.console.dll, DataCollectionLauncher.ExitCallBack: Data collector exited with exitcode: 0 error: ''
TpTrace Verbose: 0 : 11224, 9, 2021/06/22, 14:00:32.034, 36741326631, vstest.console.dll, TestRunRequest:SendTestRunStatsChange: Starting.
TpTrace Information: 0 : 11224, 9, 2021/06/22, 14:00:32.034, 36741328094, vstest.console.dll, TestRunRequest:SendTestRunStatsChange: Completed.
TpTrace Verbose: 0 : 11224, 9, 2021/06/22, 14:00:32.035, 36741330240, vstest.console.dll, ParallelProxyExecutionManager: HandlePartialRunComplete: Total completed clients = 1, Run complete = True, Run canceled: False.
TpTrace Verbose: 0 : 11224, 9, 2021/06/22, 14:00:32.052, 36741505528, vstest.console.dll, TestRunRequest:TestRunComplete: Starting. IsAborted:False IsCanceled:False.
TpTrace Verbose: 0 : 11224, 9, 2021/06/22, 14:00:32.052, 36741507145, vstest.console.dll, TestLoggerManager.HandleTestRunComplete: Ignoring as the object is disposed.
TpTrace Information: 0 : 11224, 9, 2021/06/22, 14:00:32.053, 36741509830, vstest.console.dll, TestRunRequest:TestRunComplete: Completed.
TpTrace Verbose: 0 : 11224, 1, 2021/06/22, 14:00:32.053, 36741509960, vstest.console.dll, TestRunRequest.Dispose: Starting.
TpTrace Verbose: 0 : 11224, 9, 2021/06/22, 14:00:32.053, 36741510436, vstest.console.dll, TestRequestSender.SetOperationComplete: Setting operation complete.
TpTrace Information: 0 : 11224, 1, 2021/06/22, 14:00:32.053, 36741510887, vstest.console.dll, TestRunRequest.Dispose: Completed.
TpTrace Information: 0 : 11224, 9, 2021/06/22, 14:00:32.053, 36741511259, vstest.console.dll, SocketServer.Stop: Stop server endPoint: 127.0.0.1:51372
TpTrace Information: 0 : 11224, 1, 2021/06/22, 14:00:32.053, 36741511295, vstest.console.dll, TestRequestManager.RunTests: run tests completed.
TpTrace Information: 0 : 11224, 9, 2021/06/22, 14:00:32.053, 36741511512, vstest.console.dll, SocketServer.Stop: Cancellation requested. Stopping message loop.
TpTrace Information: 0 : 11224, 9, 2021/06/22, 14:00:32.053, 36741512081, vstest.console.dll, SocketServer.PrivateStop: Stop server endPoint: 127.0.0.1:51372 error: 
TpTrace Information: 0 : 11224, 1, 2021/06/22, 14:00:32.053, 36741512176, vstest.console.dll, RunTestsArgumentProcessor:Execute: Test run is completed.
TpTrace Verbose: 0 : 11224, 1, 2021/06/22, 14:00:32.053, 36741514058, vstest.console.dll, Executor.Execute: Exiting with exit code of 1
TpTrace Verbose: 0 : 11224, 9, 2021/06/22, 14:00:32.053, 36741517249, vstest.console.dll, LengthPrefixCommunicationChannel.Dispose: Dispose reader and writer.
TpTrace Information: 0 : 11224, 9, 2021/06/22, 14:00:32.053, 36741517929, vstest.console.dll, SocketServer.Stop: Raise disconnected event endPoint: 127.0.0.1:51372 error: 
TpTrace Verbose: 0 : 11224, 9, 2021/06/22, 14:00:32.053, 36741518518, vstest.console.dll, TestRequestSender: OnTestRunAbort: Operation is already complete. Skip error message.
TpTrace Verbose: 0 : 11224, 9, 2021/06/22, 14:00:32.053, 36741518784, vstest.console.dll, TcpClientExtensions.MessageLoopAsync: exiting MessageLoopAsync remoteEndPoint: 127.0.0.1:51373 localEndPoint: 127.0.0.1:51372
